<?xml version="1.0" encoding="UTF-8"?>
<testsuite xmlns:xsi="http://www.w3.org/2001/XMLSchema-instance" xsi:noNamespaceSchemaLocation="https://maven.apache.org/surefire/maven-surefire-plugin/xsd/surefire-test-report.xsd" name="com.stellariver.meeting.BaseTest" time="2.079" tests="1" errors="0" skipped="0" failures="0">
  <properties>
    <property name="gopherProxySet" value="false"/>
    <property name="awt.toolkit" value="sun.lwawt.macosx.LWCToolkit"/>
    <property name="socksProxyHost" value="127.0.0.1"/>
    <property name="http.proxyHost" value="127.0.0.1"/>
    <property name="java.specification.version" value="1.8"/>
    <property name="file.encoding.pkg" value="sun.io"/>
    <property name="sun.cpu.isalist" value=""/>
    <property name="sun.jnu.encoding" value="UTF-8"/>
    <property name="java.class.path" value="/Users/houchuang/IdeaProjects/meeting/starter/target/test-classes:/Users/houchuang/IdeaProjects/meeting/starter/target/classes:/Users/houchuang/IdeaProjects/meeting/aspectj/target/classes:/Users/houchuang/IdeaProjects/meeting/adapter/target/classes:/Users/houchuang/IdeaProjects/meeting/application/target/classes:/Users/houchuang/IdeaProjects/meeting/domain/target/classes:/Users/houchuang/IdeaProjects/meeting/basic/target/classes:/Users/houchuang/.m2/repository/com/stellariver/milky/milky-spring-boot-starter/1.0.0-SNAPSHOT/milky-spring-boot-starter-1.0.0-SNAPSHOT.jar:/Users/houchuang/.m2/repository/com/stellariver/milky/domain-support/1.0.0-SNAPSHOT/domain-support-1.0.0-SNAPSHOT.jar:/Users/houchuang/.m2/repository/com/stellariver/milky/common-tool/1.0.0-SNAPSHOT/common-tool-1.0.0-SNAPSHOT.jar:/Users/houchuang/.m2/repository/com/stellariver/milky/common-base/1.0.0-SNAPSHOT/common-base-1.0.0-SNAPSHOT.jar:/Users/houchuang/.m2/repository/org/apache/logging/log4j/log4j-core/2.17.2/log4j-core-2.17.2.jar:/Users/houchuang/.m2/repository/com/fasterxml/jackson/core/jackson-core/2.13.4/jackson-core-2.13.4.jar:/Users/houchuang/.m2/repository/com/fasterxml/jackson/core/jackson-databind/2.13.4/jackson-databind-2.13.4.jar:/Users/houchuang/.m2/repository/com/fasterxml/jackson/core/jackson-annotations/2.13.4/jackson-annotations-2.13.4.jar:/Users/houchuang/.m2/repository/com/fasterxml/jackson/datatype/jackson-datatype-jsr310/2.13.4/jackson-datatype-jsr310-2.13.4.jar:/Users/houchuang/.m2/repository/com/lmax/disruptor/3.4.4/disruptor-3.4.4.jar:/Users/houchuang/.m2/repository/cglib/cglib-nodep/3.3.0/cglib-nodep-3.3.0.jar:/Users/houchuang/.m2/repository/org/apache/commons/commons-lang3/3.12.0/commons-lang3-3.12.0.jar:/Users/houchuang/.m2/repository/org/apache/commons/commons-collections4/4.4/commons-collections4-4.4.jar:/Users/houchuang/.m2/repository/commons-codec/commons-codec/1.15/commons-codec-1.15.jar:/Users/houchuang/.m2/repository/commons-io/commons-io/2.11.0/commons-io-2.11.0.jar:/Users/houchuang/.m2/repository/com/google/guava/guava/30.1.1-jre/guava-30.1.1-jre.jar:/Users/houchuang/.m2/repository/com/google/guava/failureaccess/1.0.1/failureaccess-1.0.1.jar:/Users/houchuang/.m2/repository/com/google/guava/listenablefuture/9999.0-empty-to-avoid-conflict-with-guava/listenablefuture-9999.0-empty-to-avoid-conflict-with-guava.jar:/Users/houchuang/.m2/repository/com/google/code/findbugs/jsr305/3.0.2/jsr305-3.0.2.jar:/Users/houchuang/.m2/repository/org/checkerframework/checker-qual/3.8.0/checker-qual-3.8.0.jar:/Users/houchuang/.m2/repository/com/google/errorprone/error_prone_annotations/2.5.1/error_prone_annotations-2.5.1.jar:/Users/houchuang/.m2/repository/com/google/j2objc/j2objc-annotations/1.3/j2objc-annotations-1.3.jar:/Users/houchuang/.m2/repository/org/apache/commons/commons-text/1.8/commons-text-1.8.jar:/Users/houchuang/.m2/repository/io/github/resilience4j/resilience4j-circuitbreaker/1.3.1/resilience4j-circuitbreaker-1.3.1.jar:/Users/houchuang/.m2/repository/io/vavr/vavr/0.10.2/vavr-0.10.2.jar:/Users/houchuang/.m2/repository/io/vavr/vavr-match/0.10.2/vavr-match-0.10.2.jar:/Users/houchuang/.m2/repository/io/github/resilience4j/resilience4j-core/1.3.1/resilience4j-core-1.3.1.jar:/Users/houchuang/.m2/repository/org/reflections/reflections/0.9.12/reflections-0.9.12.jar:/Users/houchuang/.m2/repository/org/javassist/javassist/3.26.0-GA/javassist-3.26.0-GA.jar:/Users/houchuang/.m2/repository/com/stellariver/milky/spring-partner/1.0.0-SNAPSHOT/spring-partner-1.0.0-SNAPSHOT.jar:/Users/houchuang/.m2/repository/org/projectlombok/lombok/1.18.22/lombok-1.18.22.jar:/Users/houchuang/.m2/repository/com/stellariver/milky/infrastructure-base/1.0.0-SNAPSHOT/infrastructure-base-1.0.0-SNAPSHOT.jar:/Users/houchuang/.m2/repository/com/alibaba/druid-spring-boot-starter/1.2.12/druid-spring-boot-starter-1.2.12.jar:/Users/houchuang/.m2/repository/com/alibaba/druid/1.2.12/druid-1.2.12.jar:/Users/houchuang/.m2/repository/com/baomidou/mybatis-plus-annotation/3.5.1/mybatis-plus-annotation-3.5.1.jar:/Users/houchuang/.m2/repository/com/baomidou/mybatis-plus-extension/3.5.1/mybatis-plus-extension-3.5.1.jar:/Users/houchuang/.m2/repository/com/baomidou/mybatis-plus-core/3.5.1/mybatis-plus-core-3.5.1.jar:/Users/houchuang/.m2/repository/com/github/jsqlparser/jsqlparser/4.3/jsqlparser-4.3.jar:/Users/houchuang/.m2/repository/org/mybatis/mybatis/3.5.9/mybatis-3.5.9.jar:/Users/houchuang/.m2/repository/org/mybatis/mybatis-spring/2.0.6/mybatis-spring-2.0.6.jar:/Users/houchuang/.m2/repository/redis/clients/jedis/3.8.0/jedis-3.8.0.jar:/Users/houchuang/.m2/repository/org/apache/commons/commons-pool2/2.11.1/commons-pool2-2.11.1.jar:/Users/houchuang/.m2/repository/com/github/vertical-blank/sql-formatter/2.0.3/sql-formatter-2.0.3.jar:/Users/houchuang/.m2/repository/org/jetbrains/annotations/23.0.0/annotations-23.0.0.jar:/Users/houchuang/.m2/repository/org/springframework/boot/spring-boot-starter-jdbc/2.7.4/spring-boot-starter-jdbc-2.7.4.jar:/Users/houchuang/.m2/repository/com/zaxxer/HikariCP/4.0.3/HikariCP-4.0.3.jar:/Users/houchuang/.m2/repository/org/springframework/spring-jdbc/5.3.23/spring-jdbc-5.3.23.jar:/Users/houchuang/.m2/repository/org/springframework/spring-tx/5.3.23/spring-tx-5.3.23.jar:/Users/houchuang/.m2/repository/org/springframework/boot/spring-boot-starter-aop/2.7.4/spring-boot-starter-aop-2.7.4.jar:/Users/houchuang/.m2/repository/org/aspectj/aspectjweaver/1.9.7/aspectjweaver-1.9.7.jar:/Users/houchuang/.m2/repository/org/mapstruct/mapstruct/1.4.2.Final/mapstruct-1.4.2.Final.jar:/Users/houchuang/IdeaProjects/meeting/client/target/classes:/Users/houchuang/IdeaProjects/meeting/common/target/classes:/Users/houchuang/IdeaProjects/meeting/infrastructure/target/classes:/Users/houchuang/.m2/repository/com/h2database/h2/2.1.214/h2-2.1.214.jar:/Users/houchuang/.m2/repository/org/aspectj/aspectjrt/1.9.7/aspectjrt-1.9.7.jar:/Users/houchuang/.m2/repository/org/springframework/boot/spring-boot-starter-test/2.7.4/spring-boot-starter-test-2.7.4.jar:/Users/houchuang/.m2/repository/org/springframework/boot/spring-boot-starter/2.7.4/spring-boot-starter-2.7.4.jar:/Users/houchuang/.m2/repository/org/springframework/boot/spring-boot/2.7.4/spring-boot-2.7.4.jar:/Users/houchuang/.m2/repository/org/springframework/spring-context/5.3.23/spring-context-5.3.23.jar:/Users/houchuang/.m2/repository/org/springframework/spring-aop/5.3.23/spring-aop-5.3.23.jar:/Users/houchuang/.m2/repository/org/springframework/spring-beans/5.3.23/spring-beans-5.3.23.jar:/Users/houchuang/.m2/repository/org/springframework/spring-expression/5.3.23/spring-expression-5.3.23.jar:/Users/houchuang/.m2/repository/org/springframework/boot/spring-boot-autoconfigure/2.7.4/spring-boot-autoconfigure-2.7.4.jar:/Users/houchuang/.m2/repository/org/springframework/boot/spring-boot-starter-logging/2.7.4/spring-boot-starter-logging-2.7.4.jar:/Users/houchuang/.m2/repository/ch/qos/logback/logback-classic/1.2.11/logback-classic-1.2.11.jar:/Users/houchuang/.m2/repository/ch/qos/logback/logback-core/1.2.11/logback-core-1.2.11.jar:/Users/houchuang/.m2/repository/org/apache/logging/log4j/log4j-to-slf4j/2.17.2/log4j-to-slf4j-2.17.2.jar:/Users/houchuang/.m2/repository/org/apache/logging/log4j/log4j-api/2.17.2/log4j-api-2.17.2.jar:/Users/houchuang/.m2/repository/org/slf4j/jul-to-slf4j/1.7.36/jul-to-slf4j-1.7.36.jar:/Users/houchuang/.m2/repository/jakarta/annotation/jakarta.annotation-api/1.3.5/jakarta.annotation-api-1.3.5.jar:/Users/houchuang/.m2/repository/org/yaml/snakeyaml/1.30/snakeyaml-1.30.jar:/Users/houchuang/.m2/repository/org/springframework/boot/spring-boot-test/2.7.4/spring-boot-test-2.7.4.jar:/Users/houchuang/.m2/repository/org/springframework/boot/spring-boot-test-autoconfigure/2.7.4/spring-boot-test-autoconfigure-2.7.4.jar:/Users/houchuang/.m2/repository/com/jayway/jsonpath/json-path/2.7.0/json-path-2.7.0.jar:/Users/houchuang/.m2/repository/net/minidev/json-smart/2.4.8/json-smart-2.4.8.jar:/Users/houchuang/.m2/repository/net/minidev/accessors-smart/2.4.8/accessors-smart-2.4.8.jar:/Users/houchuang/.m2/repository/org/ow2/asm/asm/9.1/asm-9.1.jar:/Users/houchuang/.m2/repository/org/slf4j/slf4j-api/1.7.36/slf4j-api-1.7.36.jar:/Users/houchuang/.m2/repository/jakarta/xml/bind/jakarta.xml.bind-api/2.3.3/jakarta.xml.bind-api-2.3.3.jar:/Users/houchuang/.m2/repository/jakarta/activation/jakarta.activation-api/1.2.2/jakarta.activation-api-1.2.2.jar:/Users/houchuang/.m2/repository/org/assertj/assertj-core/3.22.0/assertj-core-3.22.0.jar:/Users/houchuang/.m2/repository/org/hamcrest/hamcrest/2.2/hamcrest-2.2.jar:/Users/houchuang/.m2/repository/org/junit/jupiter/junit-jupiter/5.8.2/junit-jupiter-5.8.2.jar:/Users/houchuang/.m2/repository/org/junit/jupiter/junit-jupiter-api/5.8.2/junit-jupiter-api-5.8.2.jar:/Users/houchuang/.m2/repository/org/opentest4j/opentest4j/1.2.0/opentest4j-1.2.0.jar:/Users/houchuang/.m2/repository/org/junit/platform/junit-platform-commons/1.8.2/junit-platform-commons-1.8.2.jar:/Users/houchuang/.m2/repository/org/apiguardian/apiguardian-api/1.1.2/apiguardian-api-1.1.2.jar:/Users/houchuang/.m2/repository/org/junit/jupiter/junit-jupiter-params/5.8.2/junit-jupiter-params-5.8.2.jar:/Users/houchuang/.m2/repository/org/junit/jupiter/junit-jupiter-engine/5.8.2/junit-jupiter-engine-5.8.2.jar:/Users/houchuang/.m2/repository/org/junit/platform/junit-platform-engine/1.8.2/junit-platform-engine-1.8.2.jar:/Users/houchuang/.m2/repository/org/mockito/mockito-core/4.5.1/mockito-core-4.5.1.jar:/Users/houchuang/.m2/repository/net/bytebuddy/byte-buddy/1.12.17/byte-buddy-1.12.17.jar:/Users/houchuang/.m2/repository/net/bytebuddy/byte-buddy-agent/1.12.17/byte-buddy-agent-1.12.17.jar:/Users/houchuang/.m2/repository/org/objenesis/objenesis/3.2/objenesis-3.2.jar:/Users/houchuang/.m2/repository/org/mockito/mockito-junit-jupiter/4.5.1/mockito-junit-jupiter-4.5.1.jar:/Users/houchuang/.m2/repository/org/skyscreamer/jsonassert/1.5.1/jsonassert-1.5.1.jar:/Users/houchuang/.m2/repository/com/vaadin/external/google/android-json/0.0.20131108.vaadin1/android-json-0.0.20131108.vaadin1.jar:/Users/houchuang/.m2/repository/org/springframework/spring-core/5.3.23/spring-core-5.3.23.jar:/Users/houchuang/.m2/repository/org/springframework/spring-jcl/5.3.23/spring-jcl-5.3.23.jar:/Users/houchuang/.m2/repository/org/springframework/spring-test/5.3.23/spring-test-5.3.23.jar:/Users/houchuang/.m2/repository/org/xmlunit/xmlunit-core/2.9.0/xmlunit-core-2.9.0.jar:/Users/houchuang/.m2/repository/org/mapstruct/mapstruct-processor/1.4.2.Final/mapstruct-processor-1.4.2.Final.jar:"/>
    <property name="https.proxyPort" value="33210"/>
    <property name="java.vm.vendor" value="Azul Systems, Inc."/>
    <property name="sun.arch.data.model" value="64"/>
    <property name="java.vendor.url" value="http://www.azul.com/"/>
    <property name="user.timezone" value=""/>
    <property name="java.vm.specification.version" value="1.8"/>
    <property name="os.name" value="Mac OS X"/>
    <property name="user.country" value="CN"/>
    <property name="sun.java.launcher" value="SUN_STANDARD"/>
    <property name="sun.boot.library.path" value="/Library/Java/JavaVirtualMachines/zulu-8.jdk/Contents/Home/jre/lib"/>
    <property name="sun.java.command" value="/Users/houchuang/IdeaProjects/meeting/starter/target/surefire/surefirebooter6668037014505657829.jar /Users/houchuang/IdeaProjects/meeting/starter/target/surefire 2022-11-23T21-48-17_175-jvmRun1 surefire8555653601435925424tmp surefire_06939352727221048206tmp"/>
    <property name="surefire.test.class.path" value="/Users/houchuang/IdeaProjects/meeting/starter/target/test-classes:/Users/houchuang/IdeaProjects/meeting/starter/target/classes:/Users/houchuang/IdeaProjects/meeting/aspectj/target/classes:/Users/houchuang/IdeaProjects/meeting/adapter/target/classes:/Users/houchuang/IdeaProjects/meeting/application/target/classes:/Users/houchuang/IdeaProjects/meeting/domain/target/classes:/Users/houchuang/IdeaProjects/meeting/basic/target/classes:/Users/houchuang/.m2/repository/com/stellariver/milky/milky-spring-boot-starter/1.0.0-SNAPSHOT/milky-spring-boot-starter-1.0.0-SNAPSHOT.jar:/Users/houchuang/.m2/repository/com/stellariver/milky/domain-support/1.0.0-SNAPSHOT/domain-support-1.0.0-SNAPSHOT.jar:/Users/houchuang/.m2/repository/com/stellariver/milky/common-tool/1.0.0-SNAPSHOT/common-tool-1.0.0-SNAPSHOT.jar:/Users/houchuang/.m2/repository/com/stellariver/milky/common-base/1.0.0-SNAPSHOT/common-base-1.0.0-SNAPSHOT.jar:/Users/houchuang/.m2/repository/org/apache/logging/log4j/log4j-core/2.17.2/log4j-core-2.17.2.jar:/Users/houchuang/.m2/repository/com/fasterxml/jackson/core/jackson-core/2.13.4/jackson-core-2.13.4.jar:/Users/houchuang/.m2/repository/com/fasterxml/jackson/core/jackson-databind/2.13.4/jackson-databind-2.13.4.jar:/Users/houchuang/.m2/repository/com/fasterxml/jackson/core/jackson-annotations/2.13.4/jackson-annotations-2.13.4.jar:/Users/houchuang/.m2/repository/com/fasterxml/jackson/datatype/jackson-datatype-jsr310/2.13.4/jackson-datatype-jsr310-2.13.4.jar:/Users/houchuang/.m2/repository/com/lmax/disruptor/3.4.4/disruptor-3.4.4.jar:/Users/houchuang/.m2/repository/cglib/cglib-nodep/3.3.0/cglib-nodep-3.3.0.jar:/Users/houchuang/.m2/repository/org/apache/commons/commons-lang3/3.12.0/commons-lang3-3.12.0.jar:/Users/houchuang/.m2/repository/org/apache/commons/commons-collections4/4.4/commons-collections4-4.4.jar:/Users/houchuang/.m2/repository/commons-codec/commons-codec/1.15/commons-codec-1.15.jar:/Users/houchuang/.m2/repository/commons-io/commons-io/2.11.0/commons-io-2.11.0.jar:/Users/houchuang/.m2/repository/com/google/guava/guava/30.1.1-jre/guava-30.1.1-jre.jar:/Users/houchuang/.m2/repository/com/google/guava/failureaccess/1.0.1/failureaccess-1.0.1.jar:/Users/houchuang/.m2/repository/com/google/guava/listenablefuture/9999.0-empty-to-avoid-conflict-with-guava/listenablefuture-9999.0-empty-to-avoid-conflict-with-guava.jar:/Users/houchuang/.m2/repository/com/google/code/findbugs/jsr305/3.0.2/jsr305-3.0.2.jar:/Users/houchuang/.m2/repository/org/checkerframework/checker-qual/3.8.0/checker-qual-3.8.0.jar:/Users/houchuang/.m2/repository/com/google/errorprone/error_prone_annotations/2.5.1/error_prone_annotations-2.5.1.jar:/Users/houchuang/.m2/repository/com/google/j2objc/j2objc-annotations/1.3/j2objc-annotations-1.3.jar:/Users/houchuang/.m2/repository/org/apache/commons/commons-text/1.8/commons-text-1.8.jar:/Users/houchuang/.m2/repository/io/github/resilience4j/resilience4j-circuitbreaker/1.3.1/resilience4j-circuitbreaker-1.3.1.jar:/Users/houchuang/.m2/repository/io/vavr/vavr/0.10.2/vavr-0.10.2.jar:/Users/houchuang/.m2/repository/io/vavr/vavr-match/0.10.2/vavr-match-0.10.2.jar:/Users/houchuang/.m2/repository/io/github/resilience4j/resilience4j-core/1.3.1/resilience4j-core-1.3.1.jar:/Users/houchuang/.m2/repository/org/reflections/reflections/0.9.12/reflections-0.9.12.jar:/Users/houchuang/.m2/repository/org/javassist/javassist/3.26.0-GA/javassist-3.26.0-GA.jar:/Users/houchuang/.m2/repository/com/stellariver/milky/spring-partner/1.0.0-SNAPSHOT/spring-partner-1.0.0-SNAPSHOT.jar:/Users/houchuang/.m2/repository/org/projectlombok/lombok/1.18.22/lombok-1.18.22.jar:/Users/houchuang/.m2/repository/com/stellariver/milky/infrastructure-base/1.0.0-SNAPSHOT/infrastructure-base-1.0.0-SNAPSHOT.jar:/Users/houchuang/.m2/repository/com/alibaba/druid-spring-boot-starter/1.2.12/druid-spring-boot-starter-1.2.12.jar:/Users/houchuang/.m2/repository/com/alibaba/druid/1.2.12/druid-1.2.12.jar:/Users/houchuang/.m2/repository/com/baomidou/mybatis-plus-annotation/3.5.1/mybatis-plus-annotation-3.5.1.jar:/Users/houchuang/.m2/repository/com/baomidou/mybatis-plus-extension/3.5.1/mybatis-plus-extension-3.5.1.jar:/Users/houchuang/.m2/repository/com/baomidou/mybatis-plus-core/3.5.1/mybatis-plus-core-3.5.1.jar:/Users/houchuang/.m2/repository/com/github/jsqlparser/jsqlparser/4.3/jsqlparser-4.3.jar:/Users/houchuang/.m2/repository/org/mybatis/mybatis/3.5.9/mybatis-3.5.9.jar:/Users/houchuang/.m2/repository/org/mybatis/mybatis-spring/2.0.6/mybatis-spring-2.0.6.jar:/Users/houchuang/.m2/repository/redis/clients/jedis/3.8.0/jedis-3.8.0.jar:/Users/houchuang/.m2/repository/org/apache/commons/commons-pool2/2.11.1/commons-pool2-2.11.1.jar:/Users/houchuang/.m2/repository/com/github/vertical-blank/sql-formatter/2.0.3/sql-formatter-2.0.3.jar:/Users/houchuang/.m2/repository/org/jetbrains/annotations/23.0.0/annotations-23.0.0.jar:/Users/houchuang/.m2/repository/org/springframework/boot/spring-boot-starter-jdbc/2.7.4/spring-boot-starter-jdbc-2.7.4.jar:/Users/houchuang/.m2/repository/com/zaxxer/HikariCP/4.0.3/HikariCP-4.0.3.jar:/Users/houchuang/.m2/repository/org/springframework/spring-jdbc/5.3.23/spring-jdbc-5.3.23.jar:/Users/houchuang/.m2/repository/org/springframework/spring-tx/5.3.23/spring-tx-5.3.23.jar:/Users/houchuang/.m2/repository/org/springframework/boot/spring-boot-starter-aop/2.7.4/spring-boot-starter-aop-2.7.4.jar:/Users/houchuang/.m2/repository/org/aspectj/aspectjweaver/1.9.7/aspectjweaver-1.9.7.jar:/Users/houchuang/.m2/repository/org/mapstruct/mapstruct/1.4.2.Final/mapstruct-1.4.2.Final.jar:/Users/houchuang/IdeaProjects/meeting/client/target/classes:/Users/houchuang/IdeaProjects/meeting/common/target/classes:/Users/houchuang/IdeaProjects/meeting/infrastructure/target/classes:/Users/houchuang/.m2/repository/com/h2database/h2/2.1.214/h2-2.1.214.jar:/Users/houchuang/.m2/repository/org/aspectj/aspectjrt/1.9.7/aspectjrt-1.9.7.jar:/Users/houchuang/.m2/repository/org/springframework/boot/spring-boot-starter-test/2.7.4/spring-boot-starter-test-2.7.4.jar:/Users/houchuang/.m2/repository/org/springframework/boot/spring-boot-starter/2.7.4/spring-boot-starter-2.7.4.jar:/Users/houchuang/.m2/repository/org/springframework/boot/spring-boot/2.7.4/spring-boot-2.7.4.jar:/Users/houchuang/.m2/repository/org/springframework/spring-context/5.3.23/spring-context-5.3.23.jar:/Users/houchuang/.m2/repository/org/springframework/spring-aop/5.3.23/spring-aop-5.3.23.jar:/Users/houchuang/.m2/repository/org/springframework/spring-beans/5.3.23/spring-beans-5.3.23.jar:/Users/houchuang/.m2/repository/org/springframework/spring-expression/5.3.23/spring-expression-5.3.23.jar:/Users/houchuang/.m2/repository/org/springframework/boot/spring-boot-autoconfigure/2.7.4/spring-boot-autoconfigure-2.7.4.jar:/Users/houchuang/.m2/repository/org/springframework/boot/spring-boot-starter-logging/2.7.4/spring-boot-starter-logging-2.7.4.jar:/Users/houchuang/.m2/repository/ch/qos/logback/logback-classic/1.2.11/logback-classic-1.2.11.jar:/Users/houchuang/.m2/repository/ch/qos/logback/logback-core/1.2.11/logback-core-1.2.11.jar:/Users/houchuang/.m2/repository/org/apache/logging/log4j/log4j-to-slf4j/2.17.2/log4j-to-slf4j-2.17.2.jar:/Users/houchuang/.m2/repository/org/apache/logging/log4j/log4j-api/2.17.2/log4j-api-2.17.2.jar:/Users/houchuang/.m2/repository/org/slf4j/jul-to-slf4j/1.7.36/jul-to-slf4j-1.7.36.jar:/Users/houchuang/.m2/repository/jakarta/annotation/jakarta.annotation-api/1.3.5/jakarta.annotation-api-1.3.5.jar:/Users/houchuang/.m2/repository/org/yaml/snakeyaml/1.30/snakeyaml-1.30.jar:/Users/houchuang/.m2/repository/org/springframework/boot/spring-boot-test/2.7.4/spring-boot-test-2.7.4.jar:/Users/houchuang/.m2/repository/org/springframework/boot/spring-boot-test-autoconfigure/2.7.4/spring-boot-test-autoconfigure-2.7.4.jar:/Users/houchuang/.m2/repository/com/jayway/jsonpath/json-path/2.7.0/json-path-2.7.0.jar:/Users/houchuang/.m2/repository/net/minidev/json-smart/2.4.8/json-smart-2.4.8.jar:/Users/houchuang/.m2/repository/net/minidev/accessors-smart/2.4.8/accessors-smart-2.4.8.jar:/Users/houchuang/.m2/repository/org/ow2/asm/asm/9.1/asm-9.1.jar:/Users/houchuang/.m2/repository/org/slf4j/slf4j-api/1.7.36/slf4j-api-1.7.36.jar:/Users/houchuang/.m2/repository/jakarta/xml/bind/jakarta.xml.bind-api/2.3.3/jakarta.xml.bind-api-2.3.3.jar:/Users/houchuang/.m2/repository/jakarta/activation/jakarta.activation-api/1.2.2/jakarta.activation-api-1.2.2.jar:/Users/houchuang/.m2/repository/org/assertj/assertj-core/3.22.0/assertj-core-3.22.0.jar:/Users/houchuang/.m2/repository/org/hamcrest/hamcrest/2.2/hamcrest-2.2.jar:/Users/houchuang/.m2/repository/org/junit/jupiter/junit-jupiter/5.8.2/junit-jupiter-5.8.2.jar:/Users/houchuang/.m2/repository/org/junit/jupiter/junit-jupiter-api/5.8.2/junit-jupiter-api-5.8.2.jar:/Users/houchuang/.m2/repository/org/opentest4j/opentest4j/1.2.0/opentest4j-1.2.0.jar:/Users/houchuang/.m2/repository/org/junit/platform/junit-platform-commons/1.8.2/junit-platform-commons-1.8.2.jar:/Users/houchuang/.m2/repository/org/apiguardian/apiguardian-api/1.1.2/apiguardian-api-1.1.2.jar:/Users/houchuang/.m2/repository/org/junit/jupiter/junit-jupiter-params/5.8.2/junit-jupiter-params-5.8.2.jar:/Users/houchuang/.m2/repository/org/junit/jupiter/junit-jupiter-engine/5.8.2/junit-jupiter-engine-5.8.2.jar:/Users/houchuang/.m2/repository/org/junit/platform/junit-platform-engine/1.8.2/junit-platform-engine-1.8.2.jar:/Users/houchuang/.m2/repository/org/mockito/mockito-core/4.5.1/mockito-core-4.5.1.jar:/Users/houchuang/.m2/repository/net/bytebuddy/byte-buddy/1.12.17/byte-buddy-1.12.17.jar:/Users/houchuang/.m2/repository/net/bytebuddy/byte-buddy-agent/1.12.17/byte-buddy-agent-1.12.17.jar:/Users/houchuang/.m2/repository/org/objenesis/objenesis/3.2/objenesis-3.2.jar:/Users/houchuang/.m2/repository/org/mockito/mockito-junit-jupiter/4.5.1/mockito-junit-jupiter-4.5.1.jar:/Users/houchuang/.m2/repository/org/skyscreamer/jsonassert/1.5.1/jsonassert-1.5.1.jar:/Users/houchuang/.m2/repository/com/vaadin/external/google/android-json/0.0.20131108.vaadin1/android-json-0.0.20131108.vaadin1.jar:/Users/houchuang/.m2/repository/org/springframework/spring-core/5.3.23/spring-core-5.3.23.jar:/Users/houchuang/.m2/repository/org/springframework/spring-jcl/5.3.23/spring-jcl-5.3.23.jar:/Users/houchuang/.m2/repository/org/springframework/spring-test/5.3.23/spring-test-5.3.23.jar:/Users/houchuang/.m2/repository/org/xmlunit/xmlunit-core/2.9.0/xmlunit-core-2.9.0.jar:/Users/houchuang/.m2/repository/org/mapstruct/mapstruct-processor/1.4.2.Final/mapstruct-processor-1.4.2.Final.jar:"/>
    <property name="sun.cpu.endian" value="little"/>
    <property name="user.home" value="/Users/houchuang"/>
    <property name="user.language" value="zh"/>
    <property name="java.specification.vendor" value="Oracle Corporation"/>
    <property name="java.home" value="/Library/Java/JavaVirtualMachines/zulu-8.jdk/Contents/Home/jre"/>
    <property name="basedir" value="/Users/houchuang/IdeaProjects/meeting/starter"/>
    <property name="https.proxyHost" value="127.0.0.1"/>
    <property name="file.separator" value="/"/>
    <property name="line.separator" value="&#10;"/>
    <property name="jdk.vendor.version" value="Zulu 8.60.0.21-CA-macos-aarch64"/>
    <property name="java.vm.specification.vendor" value="Oracle Corporation"/>
    <property name="java.specification.name" value="Java Platform API Specification"/>
    <property name="java.awt.graphicsenv" value="sun.awt.CGraphicsEnvironment"/>
    <property name="surefire.real.class.path" value="/Users/houchuang/IdeaProjects/meeting/starter/target/surefire/surefirebooter6668037014505657829.jar:/Users/houchuang/.m2/repository/org/jacoco/org.jacoco.agent/0.8.3/org.jacoco.agent-0.8.3-runtime.jar"/>
    <property name="sun.boot.class.path" value="/Library/Java/JavaVirtualMachines/zulu-8.jdk/Contents/Home/jre/lib/resources.jar:/Library/Java/JavaVirtualMachines/zulu-8.jdk/Contents/Home/jre/lib/rt.jar:/Library/Java/JavaVirtualMachines/zulu-8.jdk/Contents/Home/jre/lib/sunrsasign.jar:/Library/Java/JavaVirtualMachines/zulu-8.jdk/Contents/Home/jre/lib/jsse.jar:/Library/Java/JavaVirtualMachines/zulu-8.jdk/Contents/Home/jre/lib/jce.jar:/Library/Java/JavaVirtualMachines/zulu-8.jdk/Contents/Home/jre/lib/charsets.jar:/Library/Java/JavaVirtualMachines/zulu-8.jdk/Contents/Home/jre/lib/jfr.jar:/Library/Java/JavaVirtualMachines/zulu-8.jdk/Contents/Home/jre/lib/cat.jar:/Library/Java/JavaVirtualMachines/zulu-8.jdk/Contents/Home/jre/classes"/>
    <property name="sun.management.compiler" value="HotSpot 64-Bit Tiered Compilers"/>
    <property name="java.runtime.version" value="1.8.0_322-b06"/>
    <property name="user.name" value="houchuang"/>
    <property name="path.separator" value=":"/>
    <property name="os.version" value="12.2.1"/>
    <property name="java.endorsed.dirs" value="/Library/Java/JavaVirtualMachines/zulu-8.jdk/Contents/Home/jre/lib/endorsed"/>
    <property name="java.runtime.name" value="OpenJDK Runtime Environment"/>
    <property name="file.encoding" value="UTF-8"/>
    <property name="java.vm.name" value="OpenJDK 64-Bit Server VM"/>
    <property name="localRepository" value="/Users/houchuang/.m2/repository"/>
    <property name="java.vendor.url.bug" value="http://www.azul.com/support/"/>
    <property name="java.io.tmpdir" value="/var/folders/2c/rl9vmdn97zvc9f22wbyk1q400000gn/T/"/>
    <property name="java.version" value="1.8.0_322"/>
    <property name="user.dir" value="/Users/houchuang/IdeaProjects/meeting/starter"/>
    <property name="os.arch" value="aarch64"/>
    <property name="socksProxyPort" value="33211"/>
    <property name="java.vm.specification.name" value="Java Virtual Machine Specification"/>
    <property name="java.awt.printerjob" value="sun.lwawt.macosx.CPrinterJob"/>
    <property name="sun.os.patch.level" value="unknown"/>
    <property name="java.library.path" value="/Users/houchuang/Library/Java/Extensions:/Library/Java/Extensions:/Network/Library/Java/Extensions:/System/Library/Java/Extensions:/usr/lib/java:."/>
    <property name="java.vm.info" value="mixed mode"/>
    <property name="java.vendor" value="Azul Systems, Inc."/>
    <property name="java.vm.version" value="25.322-b06"/>
    <property name="java.ext.dirs" value="/Users/houchuang/Library/Java/Extensions:/Library/Java/JavaVirtualMachines/zulu-8.jdk/Contents/Home/jre/lib/ext:/Library/Java/Extensions:/Network/Library/Java/Extensions:/System/Library/Java/Extensions:/usr/lib/java"/>
    <property name="sun.io.unicode.encoding" value="UnicodeBig"/>
    <property name="java.class.version" value="52.0"/>
    <property name="http.proxyPort" value="33210"/>
  </properties>
  <testcase name="contextTest" classname="com.stellariver.meeting.BaseTest" time="0.402"/>
</testsuite>